************ Start Display Current Environment ************
Host Operating System is Linux, version 2.6.9-55.ELsmp
Java version = 1.5.0, Java Compiler = j9jit23, Java VM name = IBM J9 VM
was.install.root = /opt/IBM/WebSphere/AppServer
user.install.root = /opt/IBM/WebSphere/AppServer/profiles/AppSrv01
Java Home = /opt/IBM/WebSphere/AppServer/java/jre
ws.ext.dirs = /opt/IBM/WebSphere/AppServer/java/lib:/opt/IBM/WebSphere/AppServer/profiles/AppSrv01/classes:/opt/IBM/WebSphere/AppServer/classes:/opt/IBM/WebSphere/AppServer/lib:/opt/IBM/WebSphere/AppServer/installedChannels:/opt/IBM/WebSphere/AppServer/lib/ext:/opt/IBM/WebSphere/AppServer/web/help:/opt/IBM/WebSphere/AppServer/deploytool/itp/plugins/com.ibm.etools.ejbdeploy/runtime
Classpath = /opt/IBM/WebSphere/AppServer/profiles/AppSrv01/properties:/opt/IBM/WebSphere/AppServer/properties:/opt/IBM/WebSphere/AppServer/lib/startup.jar:/opt/IBM/WebSphere/AppServer/lib/bootstrap.jar:/opt/IBM/WebSphere/AppServer/lib/j2ee.jar:/opt/IBM/WebSphere/AppServer/lib/lmproxy.jar:/opt/IBM/WebSphere/AppServer/lib/urlprotocols.jar:/opt/IBM/WebSphere/AppServer/deploytool/itp/batchboot.jar:/opt/IBM/WebSphere/AppServer/deploytool/itp/batch2.jar:/opt/IBM/WebSphere/AppServer/java/lib/tools.jar
Java Library path = /opt/IBM/WebSphere/AppServer/java/jre/bin:/opt/IBM/WebSphere/AppServer/bin::/usr/lib
************* End Display Current Environment *************
************ Start Display Current Environment ************
Host Operating System is Linux, version 2.6.9-55.ELsmp
Java version = 1.5.0, Java Compiler = j9jit23, Java VM name = IBM J9 VM
was.install.root = /opt/IBM/WebSphere/AppServer
user.install.root = /opt/IBM/WebSphere/AppServer/profiles/AppSrv01
Java Home = /opt/IBM/WebSphere/AppServer/java/jre
ws.ext.dirs = /opt/IBM/WebSphere/AppServer/java/lib:/opt/IBM/WebSphere/AppServer/profiles/AppSrv01/classes:/opt/IBM/WebSphere/AppServer/classes:/opt/IBM/WebSphere/AppServer/lib:/opt/IBM/WebSphere/AppServer/installedChannels:/opt/IBM/WebSphere/AppServer/lib/ext:/opt/IBM/WebSphere/AppServer/web/help:/opt/IBM/WebSphere/AppServer/deploytool/itp/plugins/com.ibm.etools.ejbdeploy/runtime
Classpath = /opt/IBM/WebSphere/AppServer/profiles/AppSrv01/properties:/opt/IBM/WebSphere/AppServer/properties:/opt/IBM/WebSphere/AppServer/lib/startup.jar:/opt/IBM/WebSphere/AppServer/lib/bootstrap.jar:/opt/IBM/WebSphere/AppServer/lib/j2ee.jar:/opt/IBM/WebSphere/AppServer/lib/lmproxy.jar:/opt/IBM/WebSphere/AppServer/lib/urlprotocols.jar:/opt/IBM/WebSphere/AppServer/deploytool/itp/batchboot.jar:/opt/IBM/WebSphere/AppServer/deploytool/itp/batch2.jar:/opt/IBM/WebSphere/AppServer/java/lib/tools.jar
Java Library path = /opt/IBM/WebSphere/AppServer/java/jre/bin:/opt/IBM/WebSphere/AppServer/bin::/usr/lib
************* End Display Current Environment *************
************ Start Display Current Environment ************
Host Operating System is Linux, version 2.6.9-55.ELsmp
Java version = 1.5.0, Java Compiler = j9jit23, Java VM name = IBM J9 VM
was.install.root = /opt/IBM/WebSphere/AppServer
user.install.root = /opt/IBM/WebSphere/AppServer/profiles/AppSrv01
Java Home = /opt/IBM/WebSphere/AppServer/java/jre
ws.ext.dirs = /opt/IBM/WebSphere/AppServer/java/lib:/opt/IBM/WebSphere/AppServer/profiles/AppSrv01/classes:/opt/IBM/WebSphere/AppServer/classes:/opt/IBM/WebSphere/AppServer/lib:/opt/IBM/WebSphere/AppServer/installedChannels:/opt/IBM/WebSphere/AppServer/lib/ext:/opt/IBM/WebSphere/AppServer/web/help:/opt/IBM/WebSphere/AppServer/deploytool/itp/plugins/com.ibm.etools.ejbdeploy/runtime
Classpath = /opt/IBM/WebSphere/AppServer/profiles/AppSrv01/properties:/opt/IBM/WebSphere/AppServer/properties:/opt/IBM/WebSphere/AppServer/lib/startup.jar:/opt/IBM/WebSphere/AppServer/lib/bootstrap.jar:/opt/IBM/WebSphere/AppServer/lib/j2ee.jar:/opt/IBM/WebSphere/AppServer/lib/lmproxy.jar:/opt/IBM/WebSphere/AppServer/lib/urlprotocols.jar:/opt/IBM/WebSphere/AppServer/deploytool/itp/batchboot.jar:/opt/IBM/WebSphere/AppServer/deploytool/itp/batch2.jar:/opt/IBM/WebSphere/AppServer/java/lib/tools.jar
Java Library path = /opt/IBM/WebSphere/AppServer/java/jre/bin:/opt/IBM/WebSphere/AppServer/bin::/usr/lib
************* End Display Current Environment *************
************ Start Display Current Environment ************
Host Operating System is Linux, version 2.6.9-55.ELsmp
Java version = 1.5.0, Java Compiler = j9jit23, Java VM name = IBM J9 VM
was.install.root = /opt/IBM/WebSphere/AppServer
user.install.root = /opt/IBM/WebSphere/AppServer/profiles/AppSrv01
Java Home = /opt/IBM/WebSphere/AppServer/java/jre
ws.ext.dirs = /opt/IBM/WebSphere/AppServer/java/lib:/opt/IBM/WebSphere/AppServer/profiles/AppSrv01/classes:/opt/IBM/WebSphere/AppServer/classes:/opt/IBM/WebSphere/AppServer/lib:/opt/IBM/WebSphere/AppServer/installedChannels:/opt/IBM/WebSphere/AppServer/lib/ext:/opt/IBM/WebSphere/AppServer/web/help:/opt/IBM/WebSphere/AppServer/deploytool/itp/plugins/com.ibm.etools.ejbdeploy/runtime
Classpath = /opt/IBM/WebSphere/AppServer/profiles/AppSrv01/properties:/opt/IBM/WebSphere/AppServer/properties:/opt/IBM/WebSphere/AppServer/lib/startup.jar:/opt/IBM/WebSphere/AppServer/lib/bootstrap.jar:/opt/IBM/WebSphere/AppServer/lib/j2ee.jar:/opt/IBM/WebSphere/AppServer/lib/lmproxy.jar:/opt/IBM/WebSphere/AppServer/lib/urlprotocols.jar:/opt/IBM/WebSphere/AppServer/deploytool/itp/batchboot.jar:/opt/IBM/WebSphere/AppServer/deploytool/itp/batch2.jar:/opt/IBM/WebSphere/AppServer/java/lib/tools.jar
Java Library path = /opt/IBM/WebSphere/AppServer/java/jre/bin:/opt/IBM/WebSphere/AppServer/bin::/usr/lib
************* End Display Current Environment *************
************ Start Display Current Environment ************
Host Operating System is Linux, version 2.6.9-55.ELsmp
Java version = 1.5.0, Java Compiler = j9jit23, Java VM name = IBM J9 VM
was.install.root = /opt/IBM/WebSphere/AppServer
user.install.root = /opt/IBM/WebSphere/AppServer/profiles/AppSrv01
Java Home = /opt/IBM/WebSphere/AppServer/java/jre
ws.ext.dirs = /opt/IBM/WebSphere/AppServer/java/lib:/opt/IBM/WebSphere/AppServer/profiles/AppSrv01/classes:/opt/IBM/WebSphere/AppServer/classes:/opt/IBM/WebSphere/AppServer/lib:/opt/IBM/WebSphere/AppServer/installedChannels:/opt/IBM/WebSphere/AppServer/lib/ext:/opt/IBM/WebSphere/AppServer/web/help:/opt/IBM/WebSphere/AppServer/deploytool/itp/plugins/com.ibm.etools.ejbdeploy/runtime
Classpath = /opt/IBM/WebSphere/AppServer/profiles/AppSrv01/properties:/opt/IBM/WebSphere/AppServer/properties:/opt/IBM/WebSphere/AppServer/lib/startup.jar:/opt/IBM/WebSphere/AppServer/lib/bootstrap.jar:/opt/IBM/WebSphere/AppServer/lib/j2ee.jar:/opt/IBM/WebSphere/AppServer/lib/lmproxy.jar:/opt/IBM/WebSphere/AppServer/lib/urlprotocols.jar:/opt/IBM/WebSphere/AppServer/deploytool/itp/batchboot.jar:/opt/IBM/WebSphere/AppServer/deploytool/itp/batch2.jar:/opt/IBM/WebSphere/AppServer/java/lib/tools.jar
Java Library path = /opt/IBM/WebSphere/AppServer/java/jre/bin:/opt/IBM/WebSphere/AppServer/bin::/usr/lib
************* End Display Current Environment *************
************ Start Display Current Environment ************
Host Operating System is Linux, version 2.6.9-55.ELsmp
Java version = 1.5.0, Java Compiler = j9jit23, Java VM name = IBM J9 VM
was.install.root = /opt/IBM/WebSphere/AppServer
user.install.root = /opt/IBM/WebSphere/AppServer/profiles/AppSrv01
Java Home = /opt/IBM/WebSphere/AppServer/java/jre
ws.ext.dirs = /opt/IBM/WebSphere/AppServer/java/lib:/opt/IBM/WebSphere/AppServer/profiles/AppSrv01/classes:/opt/IBM/WebSphere/AppServer/classes:/opt/IBM/WebSphere/AppServer/lib:/opt/IBM/WebSphere/AppServer/installedChannels:/opt/IBM/WebSphere/AppServer/lib/ext:/opt/IBM/WebSphere/AppServer/web/help:/opt/IBM/WebSphere/AppServer/deploytool/itp/plugins/com.ibm.etools.ejbdeploy/runtime
Classpath = /opt/IBM/WebSphere/AppServer/profiles/AppSrv01/properties:/opt/IBM/WebSphere/AppServer/properties:/opt/IBM/WebSphere/AppServer/lib/startup.jar:/opt/IBM/WebSphere/AppServer/lib/bootstrap.jar:/opt/IBM/WebSphere/AppServer/lib/j2ee.jar:/opt/IBM/WebSphere/AppServer/lib/lmproxy.jar:/opt/IBM/WebSphere/AppServer/lib/urlprotocols.jar:/opt/IBM/WebSphere/AppServer/deploytool/itp/batchboot.jar:/opt/IBM/WebSphere/AppServer/deploytool/itp/batch2.jar:/opt/IBM/WebSphere/AppServer/java/lib/tools.jar
Java Library path = /opt/IBM/WebSphere/AppServer/java/jre/bin:/opt/IBM/WebSphere/AppServer/bin::/usr/lib
************* End Display Current Environment *************
************ Start Display Current Environment ************
Host Operating System is Linux, version 2.6.9-55.ELsmp
Java version = 1.5.0, Java Compiler = j9jit23, Java VM name = IBM J9 VM
was.install.root = /opt/IBM/WebSphere/AppServer
user.install.root = /opt/IBM/WebSphere/AppServer/profiles/AppSrv01
Java Home = /opt/IBM/WebSphere/AppServer/java/jre
ws.ext.dirs = /opt/IBM/WebSphere/AppServer/java/lib:/opt/IBM/WebSphere/AppServer/profiles/AppSrv01/classes:/opt/IBM/WebSphere/AppServer/classes:/opt/IBM/WebSphere/AppServer/lib:/opt/IBM/WebSphere/AppServer/installedChannels:/opt/IBM/WebSphere/AppServer/lib/ext:/opt/IBM/WebSphere/AppServer/web/help:/opt/IBM/WebSphere/AppServer/deploytool/itp/plugins/com.ibm.etools.ejbdeploy/runtime
Classpath = /opt/IBM/WebSphere/AppServer/profiles/AppSrv01/properties:/opt/IBM/WebSphere/AppServer/properties:/opt/IBM/WebSphere/AppServer/lib/startup.jar:/opt/IBM/WebSphere/AppServer/lib/bootstrap.jar:/opt/IBM/WebSphere/AppServer/lib/j2ee.jar:/opt/IBM/WebSphere/AppServer/lib/lmproxy.jar:/opt/IBM/WebSphere/AppServer/lib/urlprotocols.jar:/opt/IBM/WebSphere/AppServer/deploytool/itp/batchboot.jar:/opt/IBM/WebSphere/AppServer/deploytool/itp/batch2.jar:/opt/IBM/WebSphere/AppServer/java/lib/tools.jar
Java Library path = /opt/IBM/WebSphere/AppServer/java/jre/bin:/opt/IBM/WebSphere/AppServer/bin::/usr/lib
************* End Display Current Environment *************
************ Start Display Current Environment ************
Host Operating System is Linux, version 2.6.9-55.ELsmp
Java version = 1.5.0, Java Compiler = j9jit23, Java VM name = IBM J9 VM
was.install.root = /opt/IBM/WebSphere/AppServer
user.install.root = /opt/IBM/WebSphere/AppServer/profiles/AppSrv01
Java Home = /opt/IBM/WebSphere/AppServer/java/jre
ws.ext.dirs = /opt/IBM/WebSphere/AppServer/java/lib:/opt/IBM/WebSphere/AppServer/profiles/AppSrv01/classes:/opt/IBM/WebSphere/AppServer/classes:/opt/IBM/WebSphere/AppServer/lib:/opt/IBM/WebSphere/AppServer/installedChannels:/opt/IBM/WebSphere/AppServer/lib/ext:/opt/IBM/WebSphere/AppServer/web/help:/opt/IBM/WebSphere/AppServer/deploytool/itp/plugins/com.ibm.etools.ejbdeploy/runtime
Classpath = /opt/IBM/WebSphere/AppServer/profiles/AppSrv01/properties:/opt/IBM/WebSphere/AppServer/properties:/opt/IBM/WebSphere/AppServer/lib/startup.jar:/opt/IBM/WebSphere/AppServer/lib/bootstrap.jar:/opt/IBM/WebSphere/AppServer/lib/j2ee.jar:/opt/IBM/WebSphere/AppServer/lib/lmproxy.jar:/opt/IBM/WebSphere/AppServer/lib/urlprotocols.jar:/opt/IBM/WebSphere/AppServer/deploytool/itp/batchboot.jar:/opt/IBM/WebSphere/AppServer/deploytool/itp/batch2.jar:/opt/IBM/WebSphere/AppServer/java/lib/tools.jar
Java Library path = /opt/IBM/WebSphere/AppServer/java/jre/bin:/opt/IBM/WebSphere/AppServer/bin::/usr/lib
************* End Display Current Environment *************
************ Start Display Current Environment ************
Host Operating System is Linux, version 2.6.9-55.ELsmp
Java version = 1.5.0, Java Compiler = j9jit23, Java VM name = IBM J9 VM
was.install.root = /opt/IBM/WebSphere/AppServer
user.install.root = /opt/IBM/WebSphere/AppServer/profiles/AppSrv01
Java Home = /opt/IBM/WebSphere/AppServer/java/jre
ws.ext.dirs = /opt/IBM/WebSphere/AppServer/java/lib:/opt/IBM/WebSphere/AppServer/profiles/AppSrv01/classes:/opt/IBM/WebSphere/AppServer/classes:/opt/IBM/WebSphere/AppServer/lib:/opt/IBM/WebSphere/AppServer/installedChannels:/opt/IBM/WebSphere/AppServer/lib/ext:/opt/IBM/WebSphere/AppServer/web/help:/opt/IBM/WebSphere/AppServer/deploytool/itp/plugins/com.ibm.etools.ejbdeploy/runtime
Classpath = /opt/IBM/WebSphere/AppServer/profiles/AppSrv01/properties:/opt/IBM/WebSphere/AppServer/properties:/opt/IBM/WebSphere/AppServer/lib/startup.jar:/opt/IBM/WebSphere/AppServer/lib/bootstrap.jar:/opt/IBM/WebSphere/AppServer/lib/j2ee.jar:/opt/IBM/WebSphere/AppServer/lib/lmproxy.jar:/opt/IBM/WebSphere/AppServer/lib/urlprotocols.jar:/opt/IBM/WebSphere/AppServer/deploytool/itp/batchboot.jar:/opt/IBM/WebSphere/AppServer/deploytool/itp/batch2.jar:/opt/IBM/WebSphere/AppServer/java/lib/tools.jar
Java Library path = /opt/IBM/WebSphere/AppServer/java/jre/bin:/opt/IBM/WebSphere/AppServer/bin::/usr/lib
************* End Display Current Environment *************
************ Start Display Current Environment ************
Host Operating System is Linux, version 2.6.9-55.ELsmp
Java version = 1.5.0, Java Compiler = j9jit23, Java VM name = IBM J9 VM
was.install.root = /opt/IBM/WebSphere/AppServer
user.install.root = /opt/IBM/WebSphere/AppServer/profiles/AppSrv01
Java Home = /opt/IBM/WebSphere/AppServer/java/jre
ws.ext.dirs = /opt/IBM/WebSphere/AppServer/java/lib:/opt/IBM/WebSphere/AppServer/profiles/AppSrv01/classes:/opt/IBM/WebSphere/AppServer/classes:/opt/IBM/WebSphere/AppServer/lib:/opt/IBM/WebSphere/AppServer/installedChannels:/opt/IBM/WebSphere/AppServer/lib/ext:/opt/IBM/WebSphere/AppServer/web/help:/opt/IBM/WebSphere/AppServer/deploytool/itp/plugins/com.ibm.etools.ejbdeploy/runtime
Classpath = /opt/IBM/WebSphere/AppServer/profiles/AppSrv01/properties:/opt/IBM/WebSphere/AppServer/properties:/opt/IBM/WebSphere/AppServer/lib/startup.jar:/opt/IBM/WebSphere/AppServer/lib/bootstrap.jar:/opt/IBM/WebSphere/AppServer/lib/j2ee.jar:/opt/IBM/WebSphere/AppServer/lib/lmproxy.jar:/opt/IBM/WebSphere/AppServer/lib/urlprotocols.jar:/opt/IBM/WebSphere/AppServer/deploytool/itp/batchboot.jar:/opt/IBM/WebSphere/AppServer/deploytool/itp/batch2.jar:/opt/IBM/WebSphere/AppServer/java/lib/tools.jar
Java Library path = /opt/IBM/WebSphere/AppServer/java/jre/bin:/opt/IBM/WebSphere/AppServer/bin::/usr/lib
************* End Display Current Environment *************
************ Start Display Current Environment ************
Host Operating System is Linux, version 2.6.9-55.ELsmp
Java version = 1.5.0, Java Compiler = j9jit23, Java VM name = IBM J9 VM
was.install.root = /opt/IBM/WebSphere/AppServer
user.install.root = /opt/IBM/WebSphere/AppServer/profiles/AppSrv01
Java Home = /opt/IBM/WebSphere/AppServer/java/jre
ws.ext.dirs = /opt/IBM/WebSphere/AppServer/java/lib:/opt/IBM/WebSphere/AppServer/profiles/AppSrv01/classes:/opt/IBM/WebSphere/AppServer/classes:/opt/IBM/WebSphere/AppServer/lib:/opt/IBM/WebSphere/AppServer/installedChannels:/opt/IBM/WebSphere/AppServer/lib/ext:/opt/IBM/WebSphere/AppServer/web/help:/opt/IBM/WebSphere/AppServer/deploytool/itp/plugins/com.ibm.etools.ejbdeploy/runtime
Classpath = /opt/IBM/WebSphere/AppServer/profiles/AppSrv01/properties:/opt/IBM/WebSphere/AppServer/properties:/opt/IBM/WebSphere/AppServer/lib/startup.jar:/opt/IBM/WebSphere/AppServer/lib/bootstrap.jar:/opt/IBM/WebSphere/AppServer/lib/j2ee.jar:/opt/IBM/WebSphere/AppServer/lib/lmproxy.jar:/opt/IBM/WebSphere/AppServer/lib/urlprotocols.jar:/opt/IBM/WebSphere/AppServer/deploytool/itp/batchboot.jar:/opt/IBM/WebSphere/AppServer/deploytool/itp/batch2.jar:/opt/IBM/WebSphere/AppServer/java/lib/tools.jar
Java Library path = /opt/IBM/WebSphere/AppServer/java/jre/bin:/opt/IBM/WebSphere/AppServer/bin::/usr/lib
************* End Display Current Environment *************
************ Start Display Current Environment ************
Host Operating System is Linux, version 2.6.9-55.ELsmp
Java version = 1.5.0, Java Compiler = j9jit23, Java VM name = IBM J9 VM
was.install.root = /opt/IBM/WebSphere/AppServer
user.install.root = /opt/IBM/WebSphere/AppServer/profiles/AppSrv01
Java Home = /opt/IBM/WebSphere/AppServer/java/jre
ws.ext.dirs = /opt/IBM/WebSphere/AppServer/java/lib:/opt/IBM/WebSphere/AppServer/profiles/AppSrv01/classes:/opt/IBM/WebSphere/AppServer/classes:/opt/IBM/WebSphere/AppServer/lib:/opt/IBM/WebSphere/AppServer/installedChannels:/opt/IBM/WebSphere/AppServer/lib/ext:/opt/IBM/WebSphere/AppServer/web/help:/opt/IBM/WebSphere/AppServer/deploytool/itp/plugins/com.ibm.etools.ejbdeploy/runtime
Classpath = /opt/IBM/WebSphere/AppServer/profiles/AppSrv01/properties:/opt/IBM/WebSphere/AppServer/properties:/opt/IBM/WebSphere/AppServer/lib/startup.jar:/opt/IBM/WebSphere/AppServer/lib/bootstrap.jar:/opt/IBM/WebSphere/AppServer/lib/j2ee.jar:/opt/IBM/WebSphere/AppServer/lib/lmproxy.jar:/opt/IBM/WebSphere/AppServer/lib/urlprotocols.jar:/opt/IBM/WebSphere/AppServer/deploytool/itp/batchboot.jar:/opt/IBM/WebSphere/AppServer/deploytool/itp/batch2.jar:/opt/IBM/WebSphere/AppServer/java/lib/tools.jar
Java Library path = /opt/IBM/WebSphere/AppServer/java/jre/bin:/opt/IBM/WebSphere/AppServer/bin::/usr/lib
************* End Display Current Environment *************
************ Start Display Current Environment ************
Host Operating System is Linux, version 2.6.9-55.ELsmp
Java version = 1.5.0, Java Compiler = j9jit23, Java VM name = IBM J9 VM
was.install.root = /opt/IBM/WebSphere/AppServer
user.install.root = /opt/IBM/WebSphere/AppServer/profiles/AppSrv01
Java Home = /opt/IBM/WebSphere/AppServer/java/jre
ws.ext.dirs = /opt/IBM/WebSphere/AppServer/java/lib:/opt/IBM/WebSphere/AppServer/profiles/AppSrv01/classes:/opt/IBM/WebSphere/AppServer/classes:/opt/IBM/WebSphere/AppServer/lib:/opt/IBM/WebSphere/AppServer/installedChannels:/opt/IBM/WebSphere/AppServer/lib/ext:/opt/IBM/WebSphere/AppServer/web/help:/opt/IBM/WebSphere/AppServer/deploytool/itp/plugins/com.ibm.etools.ejbdeploy/runtime
Classpath = /opt/IBM/WebSphere/AppServer/profiles/AppSrv01/properties:/opt/IBM/WebSphere/AppServer/properties:/opt/IBM/WebSphere/AppServer/lib/startup.jar:/opt/IBM/WebSphere/AppServer/lib/bootstrap.jar:/opt/IBM/WebSphere/AppServer/lib/j2ee.jar:/opt/IBM/WebSphere/AppServer/lib/lmproxy.jar:/opt/IBM/WebSphere/AppServer/lib/urlprotocols.jar:/opt/IBM/WebSphere/AppServer/deploytool/itp/batchboot.jar:/opt/IBM/WebSphere/AppServer/deploytool/itp/batch2.jar:/opt/IBM/WebSphere/AppServer/java/lib/tools.jar
Java Library path = /opt/IBM/WebSphere/AppServer/java/jre/bin:/opt/IBM/WebSphere/AppServer/bin::/usr/lib
************* End Display Current Environment *************
************ Start Display Current Environment ************
Host Operating System is Linux, version 2.6.9-55.ELsmp
Java version = 1.5.0, Java Compiler = j9jit23, Java VM name = IBM J9 VM
was.install.root = /opt/IBM/WebSphere/AppServer
user.install.root = /opt/IBM/WebSphere/AppServer/profiles/AppSrv01
Java Home = /opt/IBM/WebSphere/AppServer/java/jre
ws.ext.dirs = /opt/IBM/WebSphere/AppServer/java/lib:/opt/IBM/WebSphere/AppServer/profiles/AppSrv01/classes:/opt/IBM/WebSphere/AppServer/classes:/opt/IBM/WebSphere/AppServer/lib:/opt/IBM/WebSphere/AppServer/installedChannels:/opt/IBM/WebSphere/AppServer/lib/ext:/opt/IBM/WebSphere/AppServer/web/help:/opt/IBM/WebSphere/AppServer/deploytool/itp/plugins/com.ibm.etools.ejbdeploy/runtime
Classpath = /opt/IBM/WebSphere/AppServer/profiles/AppSrv01/properties:/opt/IBM/WebSphere/AppServer/properties:/opt/IBM/WebSphere/AppServer/lib/startup.jar:/opt/IBM/WebSphere/AppServer/lib/bootstrap.jar:/opt/IBM/WebSphere/AppServer/lib/j2ee.jar:/opt/IBM/WebSphere/AppServer/lib/lmproxy.jar:/opt/IBM/WebSphere/AppServer/lib/urlprotocols.jar:/opt/IBM/WebSphere/AppServer/deploytool/itp/batchboot.jar:/opt/IBM/WebSphere/AppServer/deploytool/itp/batch2.jar:/opt/IBM/WebSphere/AppServer/java/lib/tools.jar
Java Library path = /opt/IBM/WebSphere/AppServer/java/jre/bin:/opt/IBM/WebSphere/AppServer/bin::/usr/lib
************* End Display Current Environment *************
************ Start Display Current Environment ************
Host Operating System is Linux, version 2.6.9-55.ELsmp
Java version = 1.5.0, Java Compiler = j9jit23, Java VM name = IBM J9 VM
was.install.root = /opt/IBM/WebSphere/AppServer
user.install.root = /opt/IBM/WebSphere/AppServer/profiles/AppSrv01
Java Home = /opt/IBM/WebSphere/AppServer/java/jre
ws.ext.dirs = /opt/IBM/WebSphere/AppServer/java/lib:/opt/IBM/WebSphere/AppServer/profiles/AppSrv01/classes:/opt/IBM/WebSphere/AppServer/classes:/opt/IBM/WebSphere/AppServer/lib:/opt/IBM/WebSphere/AppServer/installedChannels:/opt/IBM/WebSphere/AppServer/lib/ext:/opt/IBM/WebSphere/AppServer/web/help:/opt/IBM/WebSphere/AppServer/deploytool/itp/plugins/com.ibm.etools.ejbdeploy/runtime
Classpath = /opt/IBM/WebSphere/AppServer/profiles/AppSrv01/properties:/opt/IBM/WebSphere/AppServer/properties:/opt/IBM/WebSphere/AppServer/lib/startup.jar:/opt/IBM/WebSphere/AppServer/lib/bootstrap.jar:/opt/IBM/WebSphere/AppServer/lib/j2ee.jar:/opt/IBM/WebSphere/AppServer/lib/lmproxy.jar:/opt/IBM/WebSphere/AppServer/lib/urlprotocols.jar:/opt/IBM/WebSphere/AppServer/deploytool/itp/batchboot.jar:/opt/IBM/WebSphere/AppServer/deploytool/itp/batch2.jar:/opt/IBM/WebSphere/AppServer/java/lib/tools.jar
Java Library path = /opt/IBM/WebSphere/AppServer/java/jre/bin:/opt/IBM/WebSphere/AppServer/bin::/usr/lib
************* End Display Current Environment *************
************ Start Display Current Environment ************
Host Operating System is Linux, version 2.6.9-55.ELsmp
Java version = 1.5.0, Java Compiler = j9jit23, Java VM name = IBM J9 VM
was.install.root = /opt/IBM/WebSphere/AppServer
user.install.root = /opt/IBM/WebSphere/AppServer/profiles/AppSrv01
Java Home = /opt/IBM/WebSphere/AppServer/java/jre
ws.ext.dirs = /opt/IBM/WebSphere/AppServer/java/lib:/opt/IBM/WebSphere/AppServer/profiles/AppSrv01/classes:/opt/IBM/WebSphere/AppServer/classes:/opt/IBM/WebSphere/AppServer/lib:/opt/IBM/WebSphere/AppServer/installedChannels:/opt/IBM/WebSphere/AppServer/lib/ext:/opt/IBM/WebSphere/AppServer/web/help:/opt/IBM/WebSphere/AppServer/deploytool/itp/plugins/com.ibm.etools.ejbdeploy/runtime
Classpath = /opt/IBM/WebSphere/AppServer/profiles/AppSrv01/properties:/opt/IBM/WebSphere/AppServer/properties:/opt/IBM/WebSphere/AppServer/lib/startup.jar:/opt/IBM/WebSphere/AppServer/lib/bootstrap.jar:/opt/IBM/WebSphere/AppServer/lib/j2ee.jar:/opt/IBM/WebSphere/AppServer/lib/lmproxy.jar:/opt/IBM/WebSphere/AppServer/lib/urlprotocols.jar:/opt/IBM/WebSphere/AppServer/deploytool/itp/batchboot.jar:/opt/IBM/WebSphere/AppServer/deploytool/itp/batch2.jar:/opt/IBM/WebSphere/AppServer/java/lib/tools.jar
Java Library path = /opt/IBM/WebSphere/AppServer/java/jre/bin:/opt/IBM/WebSphere/AppServer/bin::/usr/lib
************* End Display Current Environment *************
************ Start Display Current Environment ************
Host Operating System is Linux, version 2.6.9-55.ELsmp
Java version = 1.5.0, Java Compiler = j9jit23, Java VM name = IBM J9 VM
was.install.root = /opt/IBM/WebSphere/AppServer
user.install.root = /opt/IBM/WebSphere/AppServer/profiles/AppSrv01
Java Home = /opt/IBM/WebSphere/AppServer/java/jre
ws.ext.dirs = /opt/IBM/WebSphere/AppServer/java/lib:/opt/IBM/WebSphere/AppServer/profiles/AppSrv01/classes:/opt/IBM/WebSphere/AppServer/classes:/opt/IBM/WebSphere/AppServer/lib:/opt/IBM/WebSphere/AppServer/installedChannels:/opt/IBM/WebSphere/AppServer/lib/ext:/opt/IBM/WebSphere/AppServer/web/help:/opt/IBM/WebSphere/AppServer/deploytool/itp/plugins/com.ibm.etools.ejbdeploy/runtime
Classpath = /opt/IBM/WebSphere/AppServer/profiles/AppSrv01/properties:/opt/IBM/WebSphere/AppServer/properties:/opt/IBM/WebSphere/AppServer/lib/startup.jar:/opt/IBM/WebSphere/AppServer/lib/bootstrap.jar:/opt/IBM/WebSphere/AppServer/lib/j2ee.jar:/opt/IBM/WebSphere/AppServer/lib/lmproxy.jar:/opt/IBM/WebSphere/AppServer/lib/urlprotocols.jar:/opt/IBM/WebSphere/AppServer/deploytool/itp/batchboot.jar:/opt/IBM/WebSphere/AppServer/deploytool/itp/batch2.jar:/opt/IBM/WebSphere/AppServer/java/lib/tools.jar
Java Library path = /opt/IBM/WebSphere/AppServer/java/jre/bin:/opt/IBM/WebSphere/AppServer/bin::/usr/lib
************* End Display Current Environment *************
************ Start Display Current Environment ************
Host Operating System is Linux, version 2.6.9-55.ELsmp
Java version = 1.5.0, Java Compiler = j9jit23, Java VM name = IBM J9 VM
was.install.root = /opt/IBM/WebSphere/AppServer
user.install.root = /opt/IBM/WebSphere/AppServer/profiles/AppSrv01
Java Home = /opt/IBM/WebSphere/AppServer/java/jre
ws.ext.dirs = /opt/IBM/WebSphere/AppServer/java/lib:/opt/IBM/WebSphere/AppServer/profiles/AppSrv01/classes:/opt/IBM/WebSphere/AppServer/classes:/opt/IBM/WebSphere/AppServer/lib:/opt/IBM/WebSphere/AppServer/installedChannels:/opt/IBM/WebSphere/AppServer/lib/ext:/opt/IBM/WebSphere/AppServer/web/help:/opt/IBM/WebSphere/AppServer/deploytool/itp/plugins/com.ibm.etools.ejbdeploy/runtime
Classpath = /opt/IBM/WebSphere/AppServer/profiles/AppSrv01/properties:/opt/IBM/WebSphere/AppServer/properties:/opt/IBM/WebSphere/AppServer/lib/startup.jar:/opt/IBM/WebSphere/AppServer/lib/bootstrap.jar:/opt/IBM/WebSphere/AppServer/lib/j2ee.jar:/opt/IBM/WebSphere/AppServer/lib/lmproxy.jar:/opt/IBM/WebSphere/AppServer/lib/urlprotocols.jar:/opt/IBM/WebSphere/AppServer/deploytool/itp/batchboot.jar:/opt/IBM/WebSphere/AppServer/deploytool/itp/batch2.jar:/opt/IBM/WebSphere/AppServer/java/lib/tools.jar
Java Library path = /opt/IBM/WebSphere/AppServer/java/jre/bin:/opt/IBM/WebSphere/AppServer/bin::/usr/lib
************* End Display Current Environment *************
